Unity Editor version:    2020.3.31f1 (6b54b7616050)
Branch:                  2020.3/release
Build type:              Release
Batch mode:              YES
System name:             Linux
Distro version:          #1 SMP Debian 5.10.46-4 (2021-08-03)
Kernel version:          5.10.0-8-amd64
Architecture:            x86_64
Available memory:        15880 MB
Using pre-set license
Pro License: NO
Desktop is 1920 x 1080 @ 60 Hz

COMMAND LINE ARGUMENTS:
Unity
-adb2
-batchMode
-noUpm
-name
AssetImportWorker0
-projectPath
/home/users/inf/wiam2/iam47264842/Documentos/GitHub/Proyecto
-logFile
Logs/AssetImportWorker0.log
-srvPort
33929
Successfully changed project path to: /home/users/inf/wiam2/iam47264842/Documentos/GitHub/Proyecto
/home/users/inf/wiam2/iam47264842/Documentos/GitHub/Proyecto
Using Asset Import Pipeline V2.
Refreshing native plugins compatible for Editor in 44,42 ms, found 1 plugins.
Preloading 0 native plugins for Editor in 0,00 ms.
Initialize engine version: 2020.3.31f1 (6b54b7616050)
[Subsystems] Discovering subsystems at path /home/users/inf/wiam2/iam47264842/Unity/Hub/Editor/2020.3.31f1/Editor/Data/Resources/UnitySubsystems
[Subsystems] Discovering subsystems at path /home/users/inf/wiam2/iam47264842/Documentos/GitHub/Proyecto/Assets
GLX Extensions: GLX_ARB_create_context GLX_ARB_create_context_no_error GLX_ARB_create_context_profile GLX_ARB_fbconfig_float GLX_ARB_framebuffer_sRGB GLX_ARB_get_proc_address GLX_ARB_multisample GLX_EXT_buffer_age GLX_EXT_create_context_es2_profile GLX_EXT_create_context_es_profile GLX_EXT_fbconfig_packed_float GLX_EXT_framebuffer_sRGB GLX_EXT_import_context GLX_EXT_swap_control GLX_EXT_swap_control_tear GLX_EXT_texture_from_pixmap GLX_EXT_visual_info GLX_EXT_visual_rating GLX_MESA_copy_sub_buffer GLX_MESA_query_renderer GLX_MESA_swap_control GLX_OML_swap_method GLX_OML_sync_control GLX_SGIS_multisample GLX_SGIX_fbconfig GLX_SGIX_pbuffer GLX_SGIX_visual_select_group GLX_SGI_make_current_read GLX_SGI_video_sync 
Renderer: Mesa Intel(R) UHD Graphics 630 (CFL GT2)
Vendor:   Intel
Version:  4.6 (Core Profile) Mesa 20.3.5
GLES:     0
 GL_3DFX_texture_compression_FXT1 GL_AMD_conservative_depth GL_AMD_depth_clamp_separate GL_AMD_draw_buffers_blend GL_AMD_gpu_shader_int64 GL_AMD_multi_draw_indirect GL_AMD_performance_monitor GL_AMD_pinned_memory GL_AMD_query_buffer_object GL_AMD_seamless_cubemap_per_texture GL_AMD_shader_stencil_export GL_AMD_shader_trinary_minmax GL_AMD_texture_texture4 GL_AMD_vertex_shader_layer GL_AMD_vertex_shader_viewport_index GL_ANGLE_texture_compression_dxt3 GL_ANGLE_texture_compression_dxt5 GL_ARB_ES2_compatibility GL_ARB_ES3_1_compatibility GL_ARB_ES3_2_compatibility GL_ARB_ES3_compatibility GL_ARB_arrays_of_arrays GL_ARB_base_instance GL_ARB_blend_func_extended GL_ARB_buffer_storage GL_ARB_clear_buffer_object GL_ARB_clear_texture GL_ARB_clip_control GL_ARB_compressed_texture_pixel_storage GL_ARB_compute_shader GL_ARB_compute_variable_group_size GL_ARB_conditional_render_inverted GL_ARB_conservative_depth GL_ARB_copy_buffer GL_ARB_copy_image GL_ARB_cull_distance GL_ARB_debug_output GL_ARB_depth_buffer_float GL_ARB
_depth_clamp GL_ARB_derivative_control GL_ARB_direct_state_access GL_ARB_draw_buffers GL_ARB_draw_buffers_blend GL_ARB_draw_elements_base_vertex GL_ARB_draw_indirect GL_ARB_draw_instanced GL_ARB_enhanced_layouts GL_ARB_explicit_attrib_location GL_ARB_explicit_uniform_location GL_ARB_fragment_coord_conventions GL_ARB_fragment_layer_viewport GL_ARB_fragment_shader GL_ARB_fragment_shader_interlock GL_ARB_framebuffer_no_attachments GL_ARB_framebuffer_object GL_ARB_framebuffer_sRGB GL_ARB_get_program_binary GL_ARB_get_texture_sub_image GL_ARB_gl_spirv GL_ARB_gpu_shader5 GL_ARB_gpu_shader_fp64 GL_ARB_gpu_shader_int64 GL_ARB_half_float_pixel GL_ARB_half_float_vertex GL_ARB_indirect_parameters GL_ARB_instanced_arrays GL_ARB_internalformat_query GL_ARB_internalformat_query2 GL_ARB_invalidate_subdata GL_ARB_map_buffer_alignment GL_ARB_map_buffer_range GL_ARB_multi_bind GL_ARB_multi_draw_indirect GL_ARB_occlusion_query2 GL_ARB_parallel_shader_compile GL_ARB_pipeline_statistics_query GL_ARB_pixel_buffer_object GL_ARB_po
int_sprite GL_ARB_polygon_offset_clamp GL_ARB_post_depth_coverage GL_ARB_program_interface_query GL_ARB_provoking_vertex GL_ARB_query_buffer_object GL_ARB_robust_buffer_access_behavior GL_ARB_robustness GL_ARB_sample_shading GL_ARB_sampler_objects GL_ARB_seamless_cube_map GL_ARB_seamless_cubemap_per_texture GL_ARB_separate_shader_objects GL_ARB_shader_atomic_counter_ops GL_ARB_shader_atomic_counters GL_ARB_shader_ballot GL_ARB_shader_bit_encoding GL_ARB_shader_clock GL_ARB_shader_draw_parameters GL_ARB_shader_group_vote GL_ARB_shader_image_load_store GL_ARB_shader_image_size GL_ARB_shader_objects GL_ARB_shader_precision GL_ARB_shader_stencil_export GL_ARB_shader_storage_buffer_object GL_ARB_shader_subroutine GL_ARB_shader_texture_image_samples GL_ARB_shader_texture_lod GL_ARB_shader_viewport_layer_array GL_ARB_shading_language_420pack GL_ARB_shading_language_include GL_ARB_shading_language_packing GL_ARB_spirv_extensions GL_ARB_stencil_texturing GL_ARB_sync GL_ARB_tessellation_shader GL_ARB_texture_barrier G
L_ARB_texture_buffer_object GL_ARB_texture_buffer_object_rgb32 GL_ARB_texture_buffer_range GL_ARB_texture_compression_bptc GL_ARB_texture_compression_rgtc GL_ARB_texture_cube_map_array GL_ARB_texture_filter_anisotropic GL_ARB_texture_float GL_ARB_texture_gather GL_ARB_texture_mirror_clamp_to_edge GL_ARB_texture_multisample GL_ARB_texture_non_power_of_two GL_ARB_texture_query_levels GL_ARB_texture_query_lod GL_ARB_texture_rectangle GL_ARB_texture_rg GL_ARB_texture_rgb10_a2ui GL_ARB_texture_stencil8 GL_ARB_texture_storage GL_ARB_texture_storage_multisample GL_ARB_texture_swizzle GL_ARB_texture_view GL_ARB_timer_query GL_ARB_transform_feedback2 GL_ARB_transform_feedback3 GL_ARB_transform_feedback_instanced GL_ARB_transform_feedback_overflow_query GL_ARB_uniform_buffer_object GL_ARB_vertex_array_bgra GL_ARB_vertex_array_object GL_ARB_vertex_attrib_64bit GL_ARB_vertex_attrib_binding GL_ARB_vertex_buffer_object GL_ARB_vertex_shader GL_ARB_vertex_type_10f_11f_11f_rev GL_ARB_vertex_type_2_10_10_10_rev GL_ARB_viewpor
t_array GL_ATI_blend_equation_separate GL_ATI_texture_float GL_EXT_EGL_image_storage GL_EXT_EGL_sync GL_EXT_abgr GL_EXT_blend_equation_separate GL_EXT_demote_to_helper_invocation GL_EXT_draw_buffers2 GL_EXT_draw_instanced GL_EXT_framebuffer_blit GL_EXT_framebuffer_multisample GL_EXT_framebuffer_multisample_blit_scaled GL_EXT_framebuffer_object GL_EXT_framebuffer_sRGB GL_EXT_packed_depth_stencil GL_EXT_packed_float GL_EXT_pixel_buffer_object GL_EXT_polygon_offset_clamp GL_EXT_provoking_vertex GL_EXT_semaphore GL_EXT_semaphore_fd GL_EXT_shader_framebuffer_fetch GL_EXT_shader_framebuffer_fetch_non_coherent GL_EXT_shader_integer_mix GL_EXT_shader_samples_identical GL_EXT_texture_array GL_EXT_texture_compression_dxt1 GL_EXT_texture_compression_rgtc GL_EXT_texture_compression_s3tc GL_EXT_texture_filter_anisotropic GL_EXT_texture_integer GL_EXT_texture_sRGB GL_EXT_texture_sRGB_R8 GL_EXT_texture_sRGB_decode GL_EXT_texture_shadow_lod GL_EXT_texture_shared_exponent GL_EXT_texture_snorm GL_EXT_texture_swizzle GL_EXT_ti
mer_query GL_EXT_transform_feedback GL_EXT_vertex_array_bgra GL_EXT_vertex_attrib_64bit GL_IBM_multimode_draw_arrays GL_INTEL_blackhole_render GL_INTEL_conservative_rasterization GL_INTEL_performance_query GL_INTEL_shader_atomic_float_minmax GL_INTEL_shader_integer_functions2 GL_KHR_blend_equation_advanced GL_KHR_blend_equation_advanced_coherent GL_KHR_context_flush_control GL_KHR_debug GL_KHR_no_error GL_KHR_parallel_shader_compile GL_KHR_robust_buffer_access_behavior GL_KHR_robustness GL_KHR_texture_compression_astc_ldr GL_KHR_texture_compression_astc_sliced_3d GL_MESA_framebuffer_flip_y GL_MESA_pack_invert GL_MESA_shader_integer_functions GL_MESA_texture_signed_rgba GL_NV_compute_shader_derivatives GL_NV_conditional_render GL_NV_copy_image GL_NV_depth_clamp GL_NV_fragment_shader_interlock GL_NV_packed_depth_stencil GL_NV_texture_barrier GL_OES_EGL_image GL_S3_s3tc
OPENGL LOG: Creating OpenGL 4.6 graphics device ; Context level  <OpenGL 4.5> ; Context handle -1858706544
Initialize mono
Mono path[0] = '/home/users/inf/wiam2/iam47264842/Unity/Hub/Editor/2020.3.31f1/Editor/Data/Managed'
Mono path[1] = '/home/users/inf/wiam2/iam47264842/Unity/Hub/Editor/2020.3.31f1/Editor/Data/MonoBleedingEdge/lib/mono/unityjit'
Mono config path = '/home/users/inf/wiam2/iam47264842/Unity/Hub/Editor/2020.3.31f1/Editor/Data/MonoBleedingEdge/etc'
Using monoOptions --debugger-agent=transport=dt_socket,embedding=1,server=y,suspend=n,address=127.0.0.1:56916
Begin MonoManager ReloadAssembly
Registering precompiled unity dll's ...
Register platform support module: /home/users/inf/wiam2/iam47264842/Unity/Hub/Editor/2020.3.31f1/Editor/Data/PlaybackEngines/WebGLSupport/UnityEditor.WebGL.Extensions.dll
Register platform support module: /home/users/inf/wiam2/iam47264842/Unity/Hub/Editor/2020.3.31f1/Editor/Data/PlaybackEngines/WindowsStandaloneSupport/UnityEditor.WindowsStandalone.Extensions.dll
Register platform support module: /home/users/inf/wiam2/iam47264842/Unity/Hub/Editor/2020.3.31f1/Editor/Data/PlaybackEngines/LinuxStandaloneSupport/UnityEditor.LinuxStandalone.Extensions.dll
Registered in 0,001563 seconds.
Native extension for LinuxStandalone target not found
Native extension for WindowsStandalone target not found
Native extension for WebGL target not found
Refreshing native plugins compatible for Editor in 40,65 ms, found 1 plugins.
Preloading 0 native plugins for Editor in 0,00 ms.
Mono: successfully reloaded assembly
- Completed reload, in  0,526 seconds
Domain Reload Profiling:
	ReloadAssembly (526ms)
		BeginReloadAssembly (50ms)
			ExecutionOrderSort (0ms)
			DisableScriptedObjects (0ms)
			BackupInstance (0ms)
			ReleaseScriptingObjects (0ms)
			CreateAndSetChildDomain (1ms)
		EndReloadAssembly (415ms)
			LoadAssemblies (48ms)
			RebuildTransferFunctionScriptingTraits (0ms)
			SetupTypeCache (123ms)
			ReleaseScriptCaches (0ms)
			RebuildScriptCaches (29ms)
			SetupLoadedEditorAssemblies (191ms)
				LogAssemblyErrors (0ms)
				InitializePlatformSupportModulesInManaged (5ms)
				SetLoadedEditorAssemblies (0ms)
				RefreshPlugins (41ms)
				BeforeProcessingInitializeOnLoad (6ms)
				ProcessInitializeOnLoadAttributes (115ms)
				ProcessInitializeOnLoadMethodAttributes (24ms)
				AfterProcessingInitializeOnLoad (0ms)
				EditorAssembliesLoaded (0ms)
			ExecutionOrderSort2 (0ms)
			AwakeInstancesAfterBackupRestoration (0ms)
Platform modules already initialized, skipping
Registering precompiled user dll's ...
Registered in 0,001540 seconds.
Begin MonoManager ReloadAssembly
Native extension for LinuxStandalone target not found
Native extension for WindowsStandalone target not found
Native extension for WebGL target not found
Refreshing native plugins compatible for Editor in 44,94 ms, found 1 plugins.
Preloading 0 native plugins for Editor in 0,00 ms.
Mono: successfully reloaded assembly
- Completed reload, in  1,076 seconds
Domain Reload Profiling:
	ReloadAssembly (1077ms)
		BeginReloadAssembly (129ms)
			ExecutionOrderSort (0ms)
			DisableScriptedObjects (4ms)
			BackupInstance (0ms)
			ReleaseScriptingObjects (0ms)
			CreateAndSetChildDomain (18ms)
		EndReloadAssembly (894ms)
			LoadAssemblies (85ms)
			RebuildTransferFunctionScriptingTraits (0ms)
			SetupTypeCache (273ms)
			ReleaseScriptCaches (0ms)
			RebuildScriptCaches (46ms)
			SetupLoadedEditorAssemblies (406ms)
				LogAssemblyErrors (0ms)
				InitializePlatformSupportModulesInManaged (9ms)
				SetLoadedEditorAssemblies (0ms)
				RefreshPlugins (45ms)
				BeforeProcessingInitializeOnLoad (80ms)
				ProcessInitializeOnLoadAttributes (255ms)
				ProcessInitializeOnLoadMethodAttributes (13ms)
				AfterProcessingInitializeOnLoad (3ms)
				EditorAssembliesLoaded (0ms)
			ExecutionOrderSort2 (0ms)
			AwakeInstancesAfterBackupRestoration (6ms)
Platform modules already initialized, skipping
========================================================================
Worker process is ready to serve import requests
Launched and connected shader compiler UnityShaderCompiler after 0.00 seconds
Refreshing native plugins compatible for Editor in 0,54 ms, found 1 plugins.
Preloading 0 native plugins for Editor in 0,00 ms.
Unloading 2216 Unused Serialized files (Serialized files now loaded: 0)
System memory in use before: 92,1 MB.
System memory in use after: 92,0 MB.

Unloading 30 unused Assets to reduce memory usage. Loaded Objects now: 2651.
Total: 4,530150 ms (FindLiveObjects: 0,158363 ms CreateObjectMapping: 0,056536 ms MarkObjects: 4,142847 ms  DeleteObjects: 0,171336 ms)

AssetImportParameters requested are different than current active one (requested -> active):
  custom:video-decoder-ogg-theora: a1e56fd34408186e4bbccfd4996cb3dc -> 
  custom:container-muxer-webm: aa71ff27fc2769a1b78a27578f13a17b -> 
  custom:container-demuxer-webm: 4f35f7cbe854078d1ac9338744f61a02 -> 
  custom:container-demuxer-ogg: 62fdf1f143b41e24485cea50d1cbac27 -> 
  custom:video-encoder-webm-vp8: eb34c28f22e8b96e1ab97ce403110664 -> 
  custom:video-decoder-webm-vp8: 9c59270c3fd7afecdb556c50c9e8de78 -> 
  custom:audio-decoder-ogg-vorbis: bf7c407c2cedff20999df2af8eb42d56 -> 
  custom:audio-encoder-webm-vorbis: bf7c407c2cedff20999df2af8eb42d56 -> 
========================================================================
Received Import Request.
  path: Assets/stillElements/Background/chapter2/suelo_azul.png
  artifactKey: Guid(bfe6ffa9f4cfac8c9a639f2ad012ce66) Importer(815301076,1909f56bfc062723c751e8b465ee728b)
Start importing Assets/stillElements/Background/chapter2/suelo_azul.png using Guid(bfe6ffa9f4cfac8c9a639f2ad012ce66) Importer(815301076,1909f56bfc062723c751e8b465ee728b)  -> (artifact id: '858317ce8f8f49aad0d4ed636587b5a3') in 0,057083 seconds 
========================================================================
Received Import Request.
  Time since last request: 463,999468 seconds.
  path: Assets/stillElements/Background/chapter2/suelo_azul2.png
  artifactKey: Guid(69549cbc0cc932dedb1d8a68230266e7) Importer(815301076,1909f56bfc062723c751e8b465ee728b)
Start importing Assets/stillElements/Background/chapter2/suelo_azul2.png using Guid(69549cbc0cc932dedb1d8a68230266e7) Importer(815301076,1909f56bfc062723c751e8b465ee728b)  -> (artifact id: '9a912ec72ea5bb598a17a6742a5b4969') in 0,007158 seconds 
========================================================================
Received Import Request.
  Time since last request: 28,871034 seconds.
  path: Assets/stillElements/Background/chapter2/suelo_azul.png
  artifactKey: Guid(bfe6ffa9f4cfac8c9a639f2ad012ce66) Importer(815301076,1909f56bfc062723c751e8b465ee728b)
Start importing Assets/stillElements/Background/chapter2/suelo_azul.png using Guid(bfe6ffa9f4cfac8c9a639f2ad012ce66) Importer(815301076,1909f56bfc062723c751e8b465ee728b)  -> (artifact id: '270435c890d20257f01da5d42adb0a42') in 0,006967 seconds 
========================================================================
Received Import Request.
  Time since last request: 0,013645 seconds.
  path: Assets/stillElements/Background/chapter2/suelo_azul2.png
  artifactKey: Guid(69549cbc0cc932dedb1d8a68230266e7) Importer(815301076,1909f56bfc062723c751e8b465ee728b)
Start importing Assets/stillElements/Background/chapter2/suelo_azul2.png using Guid(69549cbc0cc932dedb1d8a68230266e7) Importer(815301076,1909f56bfc062723c751e8b465ee728b)  -> (artifact id: '2c1e097adfa4eedb92b56c35c04e0d6c') in 0,009527 seconds 
========================================================================
Received Import Request.
  Time since last request: 444,164934 seconds.
  path: Assets/stillElements/Background/chapter2/suelo_naranja1.png
  artifactKey: Guid(32492e2c40734bc34bff2a62d5fa932b) Importer(815301076,1909f56bfc062723c751e8b465ee728b)
Start importing Assets/stillElements/Background/chapter2/suelo_naranja1.png using Guid(32492e2c40734bc34bff2a62d5fa932b) Importer(815301076,1909f56bfc062723c751e8b465ee728b)  -> (artifact id: '0dde4f2709e02afb44fc2fe0297d9340') in 0,013845 seconds 
========================================================================
Received Import Request.
  Time since last request: 0,000372 seconds.
  path: Assets/stillElements/Background/chapter2/suelo_naranja2.png
  artifactKey: Guid(5b67ca463316d39ffbc7158cfa16d67b) Importer(815301076,1909f56bfc062723c751e8b465ee728b)
Start importing Assets/stillElements/Background/chapter2/suelo_naranja2.png using Guid(5b67ca463316d39ffbc7158cfa16d67b) Importer(815301076,1909f56bfc062723c751e8b465ee728b)  -> (artifact id: '7dae6cbb1162dc2992420a83f3908653') in 0,014561 seconds 
========================================================================
Received Import Request.
  Time since last request: 22,616460 seconds.
  path: Assets/stillElements/Background/chapter2/suelo_verde1.png
  artifactKey: Guid(f329a06a41d997de19bc2e0d87ea8a4e) Importer(815301076,1909f56bfc062723c751e8b465ee728b)
Start importing Assets/stillElements/Background/chapter2/suelo_verde1.png using Guid(f329a06a41d997de19bc2e0d87ea8a4e) Importer(815301076,1909f56bfc062723c751e8b465ee728b)  -> (artifact id: 'ebefcb9a6d13515c36821e7dbae2cb21') in 0,014972 seconds 
========================================================================
Received Import Request.
  Time since last request: 0,000143 seconds.
  path: Assets/stillElements/Background/chapter2/suelo_verde2.png
  artifactKey: Guid(8b341c6194de17735b41b01f20fb1705) Importer(815301076,1909f56bfc062723c751e8b465ee728b)
Start importing Assets/stillElements/Background/chapter2/suelo_verde2.png using Guid(8b341c6194de17735b41b01f20fb1705) Importer(815301076,1909f56bfc062723c751e8b465ee728b)  -> (artifact id: '599b00a25b368d7f8b12347f03b69a31') in 0,021176 seconds 
========================================================================
Received Import Request.
  Time since last request: 962,537120 seconds.
  path: Assets/Fonts/homespun.ttf
  artifactKey: Guid(2a2b54d00b9a9c9cfbb90669a20391c3) Importer(815301076,1909f56bfc062723c751e8b465ee728b)
Start importing Assets/Fonts/homespun.ttf using Guid(2a2b54d00b9a9c9cfbb90669a20391c3) Importer(815301076,1909f56bfc062723c751e8b465ee728b)  -> (artifact id: '3491d680388a677ea9be40dc54432df7') in 0,030173 seconds 
========================================================================
Received Import Request.
  Time since last request: 109,315275 seconds.
  path: Assets/canvasDesing/CanvasGrande.prefab
  artifactKey: Guid(c9bef309a39b939738e3a63244f79acf) Importer(815301076,1909f56bfc062723c751e8b465ee728b)
Start importing Assets/canvasDesing/CanvasGrande.prefab using Guid(c9bef309a39b939738e3a63244f79acf) Importer(815301076,1909f56bfc062723c751e8b465ee728b)  -> (artifact id: 'd5fa3bc4fdb09d5f0f5a834b3071c6ba') in 0,035250 seconds 
========================================================================
Received Prepare
Registering precompiled user dll's ...
Registered in 0,001467 seconds.
Begin MonoManager ReloadAssembly
Native extension for LinuxStandalone target not found
Native extension for WindowsStandalone target not found
Native extension for WebGL target not found
Refreshing native plugins compatible for Editor in 0,47 ms, found 1 plugins.
Preloading 0 native plugins for Editor in 0,00 ms.
Mono: successfully reloaded assembly
- Completed reload, in  0,814 seconds
Domain Reload Profiling:
	ReloadAssembly (814ms)
		BeginReloadAssembly (96ms)
			ExecutionOrderSort (0ms)
			DisableScriptedObjects (6ms)
			BackupInstance (0ms)
			ReleaseScriptingObjects (0ms)
			CreateAndSetChildDomain (31ms)
		EndReloadAssembly (671ms)
			LoadAssemblies (73ms)
			RebuildTransferFunctionScriptingTraits (0ms)
			SetupTypeCache (229ms)
			ReleaseScriptCaches (1ms)
			RebuildScriptCaches (39ms)
			SetupLoadedEditorAssemblies (253ms)
				LogAssemblyErrors (0ms)
				InitializePlatformSupportModulesInManaged (11ms)
				SetLoadedEditorAssemblies (1ms)
				RefreshPlugins (0ms)
				BeforeProcessingInitializeOnLoad (43ms)
				ProcessInitializeOnLoadAttributes (185ms)
				ProcessInitializeOnLoadMethodAttributes (9ms)
				AfterProcessingInitializeOnLoad (3ms)
				EditorAssembliesLoaded (0ms)
			ExecutionOrderSort2 (0ms)
			AwakeInstancesAfterBackupRestoration (8ms)
Platform modules already initialized, skipping
Refreshing native plugins compatible for Editor in 0,54 ms, found 1 plugins.
Preloading 0 native plugins for Editor in 0,00 ms.
Unloading 2210 Unused Serialized files (Serialized files now loaded: 0)
System memory in use before: 93,6 MB.
System memory in use after: 93,6 MB.

Unloading 20 unused Assets to reduce memory usage. Loaded Objects now: 2705.
Total: 4,392088 ms (FindLiveObjects: 0,244091 ms CreateObjectMapping: 0,062744 ms MarkObjects: 3,953568 ms  DeleteObjects: 0,114996 ms)

AssetImportParameters requested are different than current active one (requested -> active):
  custom:video-decoder-ogg-theora: a1e56fd34408186e4bbccfd4996cb3dc -> 
  custom:container-muxer-webm: aa71ff27fc2769a1b78a27578f13a17b -> 
  custom:container-demuxer-webm: 4f35f7cbe854078d1ac9338744f61a02 -> 
  custom:container-demuxer-ogg: 62fdf1f143b41e24485cea50d1cbac27 -> 
  custom:video-encoder-webm-vp8: eb34c28f22e8b96e1ab97ce403110664 -> 
  custom:video-decoder-webm-vp8: 9c59270c3fd7afecdb556c50c9e8de78 -> 
  custom:audio-decoder-ogg-vorbis: bf7c407c2cedff20999df2af8eb42d56 -> 
  custom:audio-encoder-webm-vorbis: bf7c407c2cedff20999df2af8eb42d56 -> 
========================================================================
Received Import Request.
  Time since last request: 91,958547 seconds.
  path: Assets/Scenes/SampleScene.unity
  artifactKey: Guid(2cda990e2423bbf4892e6590ba056729) Importer(815301076,1909f56bfc062723c751e8b465ee728b)
Start importing Assets/Scenes/SampleScene.unity using Guid(2cda990e2423bbf4892e6590ba056729) Importer(815301076,1909f56bfc062723c751e8b465ee728b)  -> (artifact id: 'dfac093e138141fbe00f2e673b8fa1f9') in 0,002842 seconds 
========================================================================
Received Prepare
Registering precompiled user dll's ...
Registered in 0,001462 seconds.
Begin MonoManager ReloadAssembly
Native extension for LinuxStandalone target not found
Native extension for WindowsStandalone target not found
Native extension for WebGL target not found
Refreshing native plugins compatible for Editor in 0,41 ms, found 1 plugins.
Preloading 0 native plugins for Editor in 0,00 ms.
Mono: successfully reloaded assembly
- Completed reload, in  0,827 seconds
Domain Reload Profiling:
	ReloadAssembly (827ms)
		BeginReloadAssembly (109ms)
			ExecutionOrderSort (0ms)
			DisableScriptedObjects (5ms)
			BackupInstance (0ms)
			ReleaseScriptingObjects (0ms)
			CreateAndSetChildDomain (33ms)
		EndReloadAssembly (673ms)
			LoadAssemblies (74ms)
			RebuildTransferFunctionScriptingTraits (0ms)
			SetupTypeCache (232ms)
			ReleaseScriptCaches (1ms)
			RebuildScriptCaches (37ms)
			SetupLoadedEditorAssemblies (256ms)
				LogAssemblyErrors (0ms)
				InitializePlatformSupportModulesInManaged (11ms)
				SetLoadedEditorAssemblies (0ms)
				RefreshPlugins (0ms)
				BeforeProcessingInitializeOnLoad (43ms)
				ProcessInitializeOnLoadAttributes (189ms)
				ProcessInitializeOnLoadMethodAttributes (8ms)
				AfterProcessingInitializeOnLoad (3ms)
				EditorAssembliesLoaded (0ms)
			ExecutionOrderSort2 (0ms)
			AwakeInstancesAfterBackupRestoration (7ms)
Platform modules already initialized, skipping
Refreshing native plugins compatible for Editor in 0,41 ms, found 1 plugins.
Preloading 0 native plugins for Editor in 0,00 ms.
Unloading 2210 Unused Serialized files (Serialized files now loaded: 0)
System memory in use before: 93,6 MB.
System memory in use after: 93,6 MB.

Unloading 19 unused Assets to reduce memory usage. Loaded Objects now: 2708.
Total: 3,908195 ms (FindLiveObjects: 0,127429 ms CreateObjectMapping: 0,042724 ms MarkObjects: 3,643235 ms  DeleteObjects: 0,094087 ms)

AssetImportParameters requested are different than current active one (requested -> active):
  custom:video-decoder-ogg-theora: a1e56fd34408186e4bbccfd4996cb3dc -> 
  custom:container-muxer-webm: aa71ff27fc2769a1b78a27578f13a17b -> 
  custom:container-demuxer-webm: 4f35f7cbe854078d1ac9338744f61a02 -> 
  custom:container-demuxer-ogg: 62fdf1f143b41e24485cea50d1cbac27 -> 
  custom:video-encoder-webm-vp8: eb34c28f22e8b96e1ab97ce403110664 -> 
  custom:video-decoder-webm-vp8: 9c59270c3fd7afecdb556c50c9e8de78 -> 
  custom:audio-decoder-ogg-vorbis: bf7c407c2cedff20999df2af8eb42d56 -> 
  custom:audio-encoder-webm-vorbis: bf7c407c2cedff20999df2af8eb42d56 -> 
========================================================================
Received Import Request.
  Time since last request: 953,874408 seconds.
  path: Assets/Scenes/chapter2.unity
  artifactKey: Guid(8293671f3b3fd353b86398e0a18fcc5f) Importer(815301076,1909f56bfc062723c751e8b465ee728b)
Start importing Assets/Scenes/chapter2.unity using Guid(8293671f3b3fd353b86398e0a18fcc5f) Importer(815301076,1909f56bfc062723c751e8b465ee728b)  -> (artifact id: 'ac9484d39ca6cecff94b7c233b9af9c8') in 0,004420 seconds 
========================================================================
Received Import Request.
  Time since last request: 27,514674 seconds.
  path: Assets/Scripts/variable_Text.cs
  artifactKey: Guid(cfa3597cee7b776d2ad4961924155010) Importer(815301076,1909f56bfc062723c751e8b465ee728b)
Start importing Assets/Scripts/variable_Text.cs using Guid(cfa3597cee7b776d2ad4961924155010) Importer(815301076,1909f56bfc062723c751e8b465ee728b)  -> (artifact id: '9da38c8fa3303aca20afe65f5f361d06') in 0,001116 seconds 
========================================================================
Received Prepare
Registering precompiled user dll's ...
Registered in 0,001525 seconds.
Begin MonoManager ReloadAssembly
Native extension for LinuxStandalone target not found
Native extension for WindowsStandalone target not found
Native extension for WebGL target not found
Refreshing native plugins compatible for Editor in 0,61 ms, found 1 plugins.
Preloading 0 native plugins for Editor in 0,00 ms.
Mono: successfully reloaded assembly
- Completed reload, in  0,861 seconds
Domain Reload Profiling:
	ReloadAssembly (861ms)
		BeginReloadAssembly (94ms)
			ExecutionOrderSort (0ms)
			DisableScriptedObjects (5ms)
			BackupInstance (0ms)
			ReleaseScriptingObjects (0ms)
			CreateAndSetChildDomain (27ms)
		EndReloadAssembly (715ms)
			LoadAssemblies (75ms)
			RebuildTransferFunctionScriptingTraits (0ms)
			SetupTypeCache (229ms)
			ReleaseScriptCaches (1ms)
			RebuildScriptCaches (41ms)
			SetupLoadedEditorAssemblies (289ms)
				LogAssemblyErrors (0ms)
				InitializePlatformSupportModulesInManaged (14ms)
				SetLoadedEditorAssemblies (0ms)
				RefreshPlugins (1ms)
				BeforeProcessingInitializeOnLoad (53ms)
				ProcessInitializeOnLoadAttributes (205ms)
				ProcessInitializeOnLoadMethodAttributes (12ms)
				AfterProcessingInitializeOnLoad (4ms)
				EditorAssembliesLoaded (0ms)
			ExecutionOrderSort2 (0ms)
			AwakeInstancesAfterBackupRestoration (8ms)
Platform modules already initialized, skipping
Refreshing native plugins compatible for Editor in 0,39 ms, found 1 plugins.
Preloading 0 native plugins for Editor in 0,00 ms.
Unloading 2211 Unused Serialized files (Serialized files now loaded: 0)
System memory in use before: 93,8 MB.
System memory in use after: 93,7 MB.

Unloading 19 unused Assets to reduce memory usage. Loaded Objects now: 2712.
Total: 3,895174 ms (FindLiveObjects: 0,133983 ms CreateObjectMapping: 0,041271 ms MarkObjects: 3,627326 ms  DeleteObjects: 0,091883 ms)

AssetImportParameters requested are different than current active one (requested -> active):
  custom:video-decoder-ogg-theora: a1e56fd34408186e4bbccfd4996cb3dc -> 
  custom:container-muxer-webm: aa71ff27fc2769a1b78a27578f13a17b -> 
  custom:container-demuxer-webm: 4f35f7cbe854078d1ac9338744f61a02 -> 
  custom:container-demuxer-ogg: 62fdf1f143b41e24485cea50d1cbac27 -> 
  custom:video-encoder-webm-vp8: eb34c28f22e8b96e1ab97ce403110664 -> 
  custom:video-decoder-webm-vp8: 9c59270c3fd7afecdb556c50c9e8de78 -> 
  custom:audio-decoder-ogg-vorbis: bf7c407c2cedff20999df2af8eb42d56 -> 
  custom:audio-encoder-webm-vorbis: bf7c407c2cedff20999df2af8eb42d56 -> 
========================================================================
Received Import Request.
  Time since last request: 31,464761 seconds.
  path: Assets/Scripts/variable_Text.cs
  artifactKey: Guid(cfa3597cee7b776d2ad4961924155010) Importer(815301076,1909f56bfc062723c751e8b465ee728b)
Start importing Assets/Scripts/variable_Text.cs using Guid(cfa3597cee7b776d2ad4961924155010) Importer(815301076,1909f56bfc062723c751e8b465ee728b)  -> (artifact id: '0134050eff1c7e6a75e9eef722db044e') in 0,004255 seconds 
========================================================================
Received Prepare
Registering precompiled user dll's ...
Registered in 0,001717 seconds.
Begin MonoManager ReloadAssembly
Native extension for LinuxStandalone target not found
Native extension for WindowsStandalone target not found
Native extension for WebGL target not found
Refreshing native plugins compatible for Editor in 0,42 ms, found 1 plugins.
Preloading 0 native plugins for Editor in 0,00 ms.
Mono: successfully reloaded assembly
- Completed reload, in  0,838 seconds
Domain Reload Profiling:
	ReloadAssembly (838ms)
		BeginReloadAssembly (84ms)
			ExecutionOrderSort (0ms)
			DisableScriptedObjects (5ms)
			BackupInstance (0ms)
			ReleaseScriptingObjects (0ms)
			CreateAndSetChildDomain (26ms)
		EndReloadAssembly (707ms)
			LoadAssemblies (68ms)
			RebuildTransferFunctionScriptingTraits (0ms)
			SetupTypeCache (240ms)
			ReleaseScriptCaches (1ms)
			RebuildScriptCaches (41ms)
			SetupLoadedEditorAssemblies (279ms)
				LogAssemblyErrors (0ms)
				InitializePlatformSupportModulesInManaged (11ms)
				SetLoadedEditorAssemblies (0ms)
				RefreshPlugins (0ms)
				BeforeProcessingInitializeOnLoad (42ms)
				ProcessInitializeOnLoadAttributes (210ms)
				ProcessInitializeOnLoadMethodAttributes (11ms)
				AfterProcessingInitializeOnLoad (4ms)
				EditorAssembliesLoaded (0ms)
			ExecutionOrderSort2 (0ms)
			AwakeInstancesAfterBackupRestoration (8ms)
Platform modules already initialized, skipping
Refreshing native plugins compatible for Editor in 0,42 ms, found 1 plugins.
Preloading 0 native plugins for Editor in 0,00 ms.
Unloading 2211 Unused Serialized files (Serialized files now loaded: 0)
System memory in use before: 93,8 MB.
System memory in use after: 93,8 MB.

Unloading 19 unused Assets to reduce memory usage. Loaded Objects now: 2715.
Total: 5,179969 ms (FindLiveObjects: 0,160080 ms CreateObjectMapping: 0,071283 ms MarkObjects: 4,611805 ms  DeleteObjects: 0,334558 ms)

AssetImportParameters requested are different than current active one (requested -> active):
  custom:video-decoder-ogg-theora: a1e56fd34408186e4bbccfd4996cb3dc -> 
  custom:container-muxer-webm: aa71ff27fc2769a1b78a27578f13a17b -> 
  custom:container-demuxer-webm: 4f35f7cbe854078d1ac9338744f61a02 -> 
  custom:container-demuxer-ogg: 62fdf1f143b41e24485cea50d1cbac27 -> 
  custom:video-encoder-webm-vp8: eb34c28f22e8b96e1ab97ce403110664 -> 
  custom:video-decoder-webm-vp8: 9c59270c3fd7afecdb556c50c9e8de78 -> 
  custom:audio-decoder-ogg-vorbis: bf7c407c2cedff20999df2af8eb42d56 -> 
  custom:audio-encoder-webm-vorbis: bf7c407c2cedff20999df2af8eb42d56 -> 
========================================================================
Received Import Request.
  Time since last request: 11,636298 seconds.
  path: Assets/Scripts/variable_Text.cs
  artifactKey: Guid(cfa3597cee7b776d2ad4961924155010) Importer(815301076,1909f56bfc062723c751e8b465ee728b)
Start importing Assets/Scripts/variable_Text.cs using Guid(cfa3597cee7b776d2ad4961924155010) Importer(815301076,1909f56bfc062723c751e8b465ee728b)  -> (artifact id: '946040f8d75ac21672aae220647f215f') in 0,002727 seconds 
========================================================================
Received Import Request.
  Time since last request: 2661,219254 seconds.
  path: Assets/Scripts/variable_Text.cs
  artifactKey: Guid(cfa3597cee7b776d2ad4961924155010) Importer(815301076,1909f56bfc062723c751e8b465ee728b)
Start importing Assets/Scripts/variable_Text.cs using Guid(cfa3597cee7b776d2ad4961924155010) Importer(815301076,1909f56bfc062723c751e8b465ee728b)  -> (artifact id: '3f5d75cb47bb3fb40d03e2a48f72d9cd') in 0,000835 seconds 
========================================================================
Received Import Request.
  Time since last request: 40,505385 seconds.
  path: Assets/Scripts/variable_Text.cs
  artifactKey: Guid(cfa3597cee7b776d2ad4961924155010) Importer(815301076,1909f56bfc062723c751e8b465ee728b)
Start importing Assets/Scripts/variable_Text.cs using Guid(cfa3597cee7b776d2ad4961924155010) Importer(815301076,1909f56bfc062723c751e8b465ee728b)  -> (artifact id: '7b5f837f77ba1b4110d61d67e846683c') in 0,000844 seconds 
========================================================================
Received Import Request.
  Time since last request: 50,715567 seconds.
  path: Assets/Scripts/variable_Text.cs
  artifactKey: Guid(cfa3597cee7b776d2ad4961924155010) Importer(815301076,1909f56bfc062723c751e8b465ee728b)
Start importing Assets/Scripts/variable_Text.cs using Guid(cfa3597cee7b776d2ad4961924155010) Importer(815301076,1909f56bfc062723c751e8b465ee728b)  -> (artifact id: '5857c30a8f240de1404d3e1c11587922') in 0,000548 seconds 
========================================================================
Received Import Request.
  Time since last request: 29,036470 seconds.
  path: Assets/Scripts/variable_Text.cs
  artifactKey: Guid(cfa3597cee7b776d2ad4961924155010) Importer(815301076,1909f56bfc062723c751e8b465ee728b)
Start importing Assets/Scripts/variable_Text.cs using Guid(cfa3597cee7b776d2ad4961924155010) Importer(815301076,1909f56bfc062723c751e8b465ee728b)  -> (artifact id: '893cd2f30ad301c91c5b9d0bd3e4bca4') in 0,001591 seconds 
========================================================================
Received Import Request.
  Time since last request: 10,990601 seconds.
  path: Assets/Scripts/variable_Text.cs
  artifactKey: Guid(cfa3597cee7b776d2ad4961924155010) Importer(815301076,1909f56bfc062723c751e8b465ee728b)
Start importing Assets/Scripts/variable_Text.cs using Guid(cfa3597cee7b776d2ad4961924155010) Importer(815301076,1909f56bfc062723c751e8b465ee728b)  -> (artifact id: 'e8061c84c8281755f1aef4ad714e0002') in 0,000697 seconds 
========================================================================
Received Import Request.
  Time since last request: 13,374873 seconds.
  path: Assets/Scripts/variable_Text.cs
  artifactKey: Guid(cfa3597cee7b776d2ad4961924155010) Importer(815301076,1909f56bfc062723c751e8b465ee728b)
Start importing Assets/Scripts/variable_Text.cs using Guid(cfa3597cee7b776d2ad4961924155010) Importer(815301076,1909f56bfc062723c751e8b465ee728b)  -> (artifact id: '8c31088161edc8ab2d0a20f9e92380ae') in 0,000674 seconds 
AssetImportWorkerClient::OnTransportError - code=2 error=End of file
